<?xml version="1.0" encoding="UTF-8"?>
<testng-results skipped="0" failed="0" total="1" passed="1">
  <reporter-output>
  </reporter-output>
  <suite name="All Test Suite" duration-ms="8692" started-at="2021-04-18T07:45:22Z" finished-at="2021-04-18T07:45:30Z">
    <groups>
    </groups>
    <test name="C:/Users/Qutab/IdeaProjects/selenium_frameworks/mmt/src/test/java/testCases/HomePageTest.java" duration-ms="8692" started-at="2021-04-18T07:45:22Z" finished-at="2021-04-18T07:45:30Z">
      <class name="testCases.HomePageTest">
        <test-method status="PASS" signature="setUpSite()[pri:0, instance:testCases.HomePageTest@32e6e9c3]" name="setUpSite" is-config="true" duration-ms="391" started-at="2021-04-18T13:15:21Z" finished-at="2021-04-18T13:15:22Z">
          <reporter-output>
          </reporter-output>
        </test-method> <!-- setUpSite -->
        <test-method status="PASS" signature="setup()[pri:0, instance:testCases.HomePageTest@32e6e9c3]" name="setup" is-config="true" duration-ms="7461" started-at="2021-04-18T13:15:22Z" finished-at="2021-04-18T13:15:29Z">
          <reporter-output>
          </reporter-output>
        </test-method> <!-- setup -->
        <test-method status="PASS" signature="selectOneWay()[pri:0, instance:testCases.HomePageTest@32e6e9c3]" name="selectOneWay" duration-ms="511" started-at="2021-04-18T13:15:29Z" finished-at="2021-04-18T13:15:30Z">
          <reporter-output>
          </reporter-output>
        </test-method> <!-- selectOneWay -->
        <test-method status="PASS" signature="tearDownMethod(org.testng.ITestResult)[pri:0, instance:testCases.HomePageTest@32e6e9c3]" name="tearDownMethod" is-config="true" duration-ms="1" started-at="2021-04-18T13:15:30Z" finished-at="2021-04-18T13:15:30Z">
          <params>
            <param index="0">
              <value>
                <![CDATA[[TestResult name=selectOneWay status=SUCCESS method=HomePageTest.selectOneWay()[pri:0, instance:testCases.HomePageTest@32e6e9c3] output={null}]]]>
              </value>
            </param>
          </params>
          <reporter-output>
          </reporter-output>
        </test-method> <!-- tearDownMethod -->
        <test-method status="PASS" signature="tearDown()[pri:0, instance:testCases.HomePageTest@32e6e9c3]" name="tearDown" is-config="true" duration-ms="715" started-at="2021-04-18T13:15:30Z" finished-at="2021-04-18T13:15:30Z">
          <reporter-output>
          </reporter-output>
        </test-method> <!-- tearDown -->
      </class> <!-- testCases.HomePageTest -->
    </test> <!-- C:/Users/Qutab/IdeaProjects/selenium_frameworks/mmt/src/test/java/testCases/HomePageTest.java -->
  </suite> <!-- All Test Suite -->
</testng-results>
